<?xml version="1.0" encoding="UTF-8"?>
<!-- Generated by org.testng.reporters.JUnitXMLReporter -->
<testsuite ignored="0" hostname="ANagarkar-LAP-0785" failures="0" tests="4" name="TruckX Test Automation" time="31.32" errors="0" timestamp="2022-09-08T16:43:03 IST">
  <testcase classname="project.testscenarios.LoginScript" name="ConfigurationSetup" time="0.64"/>
  <testcase classname="project.testscenarios.LoginScript" name="blankUserNameandPassword" time="9.451"/>
  <testcase classname="project.testscenarios.LoginScript" name="inValidUserNameandPassword" time="8.564"/>
  <testcase classname="project.testscenarios.LoginScript" name="validUserNameandPassword" time="12.603"/>
</testsuite> <!-- TruckX Test Automation -->
