<?xml version="1.0" encoding="UTF-8"?>
<!-- Generated by org.testng.reporters.JUnitXMLReporter -->
<testsuite ignored="22" hostname="11167-lap-0785" failures="12" tests="12" name="API Test Automation" time="0.131" errors="0" timestamp="2023-02-17T22:35:11 IST">
  <testcase classname="project.APITestScenario.CarrierInfo" name="GETCarrierInfo" time="0.021">
    <failure type="java.lang.NullPointerException" message="Cannot invoke &amp;quot;java.util.HashMap.get(Object)&amp;quot; because the return value of &amp;quot;project.Mediator.APITestData.GetProdTestData()&amp;quot; is null">
      <![CDATA[java.lang.NullPointerException: Cannot invoke "java.util.HashMap.get(Object)" because the return value of "project.Mediator.APITestData.GetProdTestData()" is null
at project.APIConfiguration.Headers.AddHeaders(Headers.java:35)
at project.APITestScenario.CarrierInfo.GETCarrierInfo(CarrierInfo.java:46)
at java.base/java.util.ArrayList.forEach(ArrayList.java:1511)
at java.base/java.util.concurrent.FutureTask.run(FutureTask.java:264)
at java.base/java.util.concurrent.ThreadPoolExecutor.runWorker(ThreadPoolExecutor.java:1136)
at java.base/java.util.concurrent.ThreadPoolExecutor$Worker.run(ThreadPoolExecutor.java:635)
at java.base/java.lang.Thread.run(Thread.java:833)
... Removed 18 stack frames]]>
    </failure>
  </testcase> <!-- GETCarrierInfo -->
  <testcase classname="project.APITestScenario.Dashboard" name="GETDashboard" time="0.002">
    <failure type="java.lang.NullPointerException" message="Cannot invoke &amp;quot;java.util.HashMap.get(Object)&amp;quot; because the return value of &amp;quot;project.Mediator.APITestData.GetProdTestData()&amp;quot; is null">
      <![CDATA[java.lang.NullPointerException: Cannot invoke "java.util.HashMap.get(Object)" because the return value of "project.Mediator.APITestData.GetProdTestData()" is null
at project.APIConfiguration.Headers.AddHeaders(Headers.java:35)
at project.APITestScenario.Dashboard.GETDashboard(Dashboard.java:48)
at java.base/java.util.ArrayList.forEach(ArrayList.java:1511)
at java.base/java.util.concurrent.FutureTask.run(FutureTask.java:264)
at java.base/java.util.concurrent.ThreadPoolExecutor.runWorker(ThreadPoolExecutor.java:1136)
at java.base/java.util.concurrent.ThreadPoolExecutor$Worker.run(ThreadPoolExecutor.java:635)
at java.base/java.lang.Thread.run(Thread.java:833)
... Removed 18 stack frames]]>
    </failure>
  </testcase> <!-- GETDashboard -->
  <testcase classname="project.APITestScenario.Drivers" name="GETDrivers" time="0.003">
    <failure type="java.lang.NullPointerException" message="Cannot invoke &amp;quot;java.util.HashMap.get(Object)&amp;quot; because the return value of &amp;quot;project.Mediator.APITestData.GetProdTestData()&amp;quot; is null">
      <![CDATA[java.lang.NullPointerException: Cannot invoke "java.util.HashMap.get(Object)" because the return value of "project.Mediator.APITestData.GetProdTestData()" is null
at project.APIConfiguration.Headers.AddHeaders(Headers.java:35)
at project.APITestScenario.Drivers.GETDrivers(Drivers.java:48)
at java.base/java.util.ArrayList.forEach(ArrayList.java:1511)
at java.base/java.util.concurrent.FutureTask.run(FutureTask.java:264)
at java.base/java.util.concurrent.ThreadPoolExecutor.runWorker(ThreadPoolExecutor.java:1136)
at java.base/java.util.concurrent.ThreadPoolExecutor$Worker.run(ThreadPoolExecutor.java:635)
at java.base/java.lang.Thread.run(Thread.java:833)
... Removed 18 stack frames]]>
    </failure>
  </testcase> <!-- GETDrivers -->
  <testcase classname="project.APITestScenario.Elogs" name="GETElogs" time="0.003">
    <failure type="java.lang.NullPointerException" message="Cannot invoke &amp;quot;java.util.HashMap.get(Object)&amp;quot; because the return value of &amp;quot;project.Mediator.APITestData.GetProdTestData()&amp;quot; is null">
      <![CDATA[java.lang.NullPointerException: Cannot invoke "java.util.HashMap.get(Object)" because the return value of "project.Mediator.APITestData.GetProdTestData()" is null
at project.APIConfiguration.Headers.AddHeaders(Headers.java:35)
at project.APITestScenario.Elogs.GETElogs(Elogs.java:47)
at java.base/java.util.ArrayList.forEach(ArrayList.java:1511)
at java.base/java.util.concurrent.FutureTask.run(FutureTask.java:264)
at java.base/java.util.concurrent.ThreadPoolExecutor.runWorker(ThreadPoolExecutor.java:1136)
at java.base/java.util.concurrent.ThreadPoolExecutor$Worker.run(ThreadPoolExecutor.java:635)
at java.base/java.lang.Thread.run(Thread.java:833)
... Removed 18 stack frames]]>
    </failure>
  </testcase> <!-- GETElogs -->
  <testcase classname="project.APITestScenario.Trailerslist" name="GetTrailersList" time="0.002">
    <failure type="java.lang.NullPointerException" message="Cannot invoke &amp;quot;java.util.HashMap.get(Object)&amp;quot; because the return value of &amp;quot;project.Mediator.APITestData.GetProdTestData()&amp;quot; is null">
      <![CDATA[java.lang.NullPointerException: Cannot invoke "java.util.HashMap.get(Object)" because the return value of "project.Mediator.APITestData.GetProdTestData()" is null
at project.APIConfiguration.Headers.AddHeaders(Headers.java:35)
at project.APITestScenario.Trailerslist.GetTrailersList(Trailerslist.java:47)
at java.base/java.util.ArrayList.forEach(ArrayList.java:1511)
at java.base/java.util.concurrent.FutureTask.run(FutureTask.java:264)
at java.base/java.util.concurrent.ThreadPoolExecutor.runWorker(ThreadPoolExecutor.java:1136)
at java.base/java.util.concurrent.ThreadPoolExecutor$Worker.run(ThreadPoolExecutor.java:635)
at java.base/java.lang.Thread.run(Thread.java:833)
... Removed 18 stack frames]]>
    </failure>
  </testcase> <!-- GetTrailersList -->
  <testcase classname="project.APITestScenario.TruckList" name="GetTruckList" time="0.003">
    <failure type="java.lang.NullPointerException" message="Cannot invoke &amp;quot;java.util.HashMap.get(Object)&amp;quot; because the return value of &amp;quot;project.Mediator.APITestData.GetProdTestData()&amp;quot; is null">
      <![CDATA[java.lang.NullPointerException: Cannot invoke "java.util.HashMap.get(Object)" because the return value of "project.Mediator.APITestData.GetProdTestData()" is null
at project.APIConfiguration.Headers.AddHeaders(Headers.java:35)
at project.APITestScenario.TruckList.GetTruckList(TruckList.java:47)
at java.base/java.util.ArrayList.forEach(ArrayList.java:1511)
at java.base/java.util.concurrent.FutureTask.run(FutureTask.java:264)
at java.base/java.util.concurrent.ThreadPoolExecutor.runWorker(ThreadPoolExecutor.java:1136)
at java.base/java.util.concurrent.ThreadPoolExecutor$Worker.run(ThreadPoolExecutor.java:635)
at java.base/java.lang.Thread.run(Thread.java:833)
... Removed 18 stack frames]]>
    </failure>
  </testcase> <!-- GetTruckList -->
  <testcase classname="project.APITestScenario.TruckLocation" name="GetTruckLocation" time="0.003">
    <failure type="java.lang.NullPointerException" message="Cannot invoke &amp;quot;java.util.HashMap.get(Object)&amp;quot; because the return value of &amp;quot;project.Mediator.APITestData.GetProdTestData()&amp;quot; is null">
      <![CDATA[java.lang.NullPointerException: Cannot invoke "java.util.HashMap.get(Object)" because the return value of "project.Mediator.APITestData.GetProdTestData()" is null
at project.APIConfiguration.Headers.AddHeaders(Headers.java:35)
at project.APITestScenario.TruckLocation.GetTruckLocation(TruckLocation.java:45)
at java.base/java.util.ArrayList.forEach(ArrayList.java:1511)
at java.base/java.util.concurrent.FutureTask.run(FutureTask.java:264)
at java.base/java.util.concurrent.ThreadPoolExecutor.runWorker(ThreadPoolExecutor.java:1136)
at java.base/java.util.concurrent.ThreadPoolExecutor$Worker.run(ThreadPoolExecutor.java:635)
at java.base/java.lang.Thread.run(Thread.java:833)
... Removed 18 stack frames]]>
    </failure>
  </testcase> <!-- GetTruckLocation -->
  <testcase classname="project.APITestScenario.ArchivedDrivers" name="GETArchivedDrivers" time="0.003">
    <failure type="java.lang.NullPointerException" message="Cannot invoke &amp;quot;java.util.HashMap.get(Object)&amp;quot; because the return value of &amp;quot;project.Mediator.APITestData.GetProdTestData()&amp;quot; is null">
      <![CDATA[java.lang.NullPointerException: Cannot invoke "java.util.HashMap.get(Object)" because the return value of "project.Mediator.APITestData.GetProdTestData()" is null
at project.APIConfiguration.Headers.AddHeaders(Headers.java:35)
at project.APITestScenario.ArchivedDrivers.GETArchivedDrivers(ArchivedDrivers.java:45)
at java.base/java.util.ArrayList.forEach(ArrayList.java:1511)
at java.base/java.util.concurrent.FutureTask.run(FutureTask.java:264)
at java.base/java.util.concurrent.ThreadPoolExecutor.runWorker(ThreadPoolExecutor.java:1136)
at java.base/java.util.concurrent.ThreadPoolExecutor$Worker.run(ThreadPoolExecutor.java:635)
at java.base/java.lang.Thread.run(Thread.java:833)
... Removed 18 stack frames]]>
    </failure>
  </testcase> <!-- GETArchivedDrivers -->
  <testcase classname="project.APITestScenario.DriversList" name="GETDriversList" time="0.003">
    <failure type="java.lang.NullPointerException" message="Cannot invoke &amp;quot;java.util.HashMap.get(Object)&amp;quot; because the return value of &amp;quot;project.Mediator.APITestData.GetProdTestData()&amp;quot; is null">
      <![CDATA[java.lang.NullPointerException: Cannot invoke "java.util.HashMap.get(Object)" because the return value of "project.Mediator.APITestData.GetProdTestData()" is null
at project.APIConfiguration.Headers.AddHeaders(Headers.java:35)
at project.APITestScenario.DriversList.GETDriversList(DriversList.java:45)
at java.base/java.util.ArrayList.forEach(ArrayList.java:1511)
at java.base/java.util.concurrent.FutureTask.run(FutureTask.java:264)
at java.base/java.util.concurrent.ThreadPoolExecutor.runWorker(ThreadPoolExecutor.java:1136)
at java.base/java.util.concurrent.ThreadPoolExecutor$Worker.run(ThreadPoolExecutor.java:635)
at java.base/java.lang.Thread.run(Thread.java:833)
... Removed 18 stack frames]]>
    </failure>
  </testcase> <!-- GETDriversList -->
  <testcase classname="project.APITestScenario.Gallons" name="GETGallons" time="0.003">
    <failure type="java.lang.NullPointerException" message="Cannot invoke &amp;quot;java.util.HashMap.get(Object)&amp;quot; because the return value of &amp;quot;project.Mediator.APITestData.GetProdTestData()&amp;quot; is null">
      <![CDATA[java.lang.NullPointerException: Cannot invoke "java.util.HashMap.get(Object)" because the return value of "project.Mediator.APITestData.GetProdTestData()" is null
at project.APIConfiguration.Headers.AddHeaders(Headers.java:35)
at project.APITestScenario.Gallons.GETGallons(Gallons.java:44)
at java.base/java.util.ArrayList.forEach(ArrayList.java:1511)
at java.base/java.util.concurrent.FutureTask.run(FutureTask.java:264)
at java.base/java.util.concurrent.ThreadPoolExecutor.runWorker(ThreadPoolExecutor.java:1136)
at java.base/java.util.concurrent.ThreadPoolExecutor$Worker.run(ThreadPoolExecutor.java:635)
at java.base/java.lang.Thread.run(Thread.java:833)
... Removed 18 stack frames]]>
    </failure>
  </testcase> <!-- GETGallons -->
  <testcase classname="project.APITestScenario.IFTA" name="GETIFTA" time="0.002">
    <failure type="java.lang.NullPointerException" message="Cannot invoke &amp;quot;java.util.HashMap.get(Object)&amp;quot; because the return value of &amp;quot;project.Mediator.APITestData.GetProdTestData()&amp;quot; is null">
      <![CDATA[java.lang.NullPointerException: Cannot invoke "java.util.HashMap.get(Object)" because the return value of "project.Mediator.APITestData.GetProdTestData()" is null
at project.APIConfiguration.Headers.AddHeaders(Headers.java:35)
at project.APITestScenario.IFTA.GETIFTA(IFTA.java:45)
at java.base/java.util.ArrayList.forEach(ArrayList.java:1511)
at java.base/java.util.concurrent.FutureTask.run(FutureTask.java:264)
at java.base/java.util.concurrent.ThreadPoolExecutor.runWorker(ThreadPoolExecutor.java:1136)
at java.base/java.util.concurrent.ThreadPoolExecutor$Worker.run(ThreadPoolExecutor.java:635)
at java.base/java.lang.Thread.run(Thread.java:833)
... Removed 18 stack frames]]>
    </failure>
  </testcase> <!-- GETIFTA -->
  <testcase classname="project.APITestScenario.IFTAReports" name="GETIFTAReport" time="0.002">
    <failure type="java.lang.NullPointerException" message="Cannot invoke &amp;quot;java.util.HashMap.get(Object)&amp;quot; because the return value of &amp;quot;project.Mediator.APITestData.GetProdTestData()&amp;quot; is null">
      <![CDATA[java.lang.NullPointerException: Cannot invoke "java.util.HashMap.get(Object)" because the return value of "project.Mediator.APITestData.GetProdTestData()" is null
at project.APIConfiguration.Headers.AddHeaders(Headers.java:35)
at project.APITestScenario.IFTAReports.GETIFTAReport(IFTAReports.java:45)
at java.base/java.util.ArrayList.forEach(ArrayList.java:1511)
at java.base/java.util.concurrent.FutureTask.run(FutureTask.java:264)
at java.base/java.util.concurrent.ThreadPoolExecutor.runWorker(ThreadPoolExecutor.java:1136)
at java.base/java.util.concurrent.ThreadPoolExecutor$Worker.run(ThreadPoolExecutor.java:635)
at java.base/java.lang.Thread.run(Thread.java:833)
... Removed 18 stack frames]]>
    </failure>
  </testcase> <!-- GETIFTAReport -->
  <testcase classname="project.utility.ConfigurationSetup" name="@BeforeSuite preRequisite" time="0.0">
    <ignored/>
  </testcase> <!-- @BeforeSuite preRequisite -->
  <testcase classname="project.utility.ConfigurationSetup" name="@BeforeSuite preRequisite" time="0.0">
    <ignored/>
  </testcase> <!-- @BeforeSuite preRequisite -->
  <testcase classname="project.utility.ConfigurationSetup" name="@BeforeSuite preRequisite" time="0.0">
    <ignored/>
  </testcase> <!-- @BeforeSuite preRequisite -->
  <testcase classname="project.utility.ConfigurationSetup" name="@BeforeSuite preRequisite" time="0.0">
    <ignored/>
  </testcase> <!-- @BeforeSuite preRequisite -->
  <testcase classname="project.utility.ConfigurationSetup" name="@BeforeSuite preRequisite" time="0.0">
    <ignored/>
  </testcase> <!-- @BeforeSuite preRequisite -->
  <testcase classname="project.utility.ConfigurationSetup" name="@BeforeSuite preRequisite" time="0.0">
    <ignored/>
  </testcase> <!-- @BeforeSuite preRequisite -->
  <testcase classname="project.utility.ConfigurationSetup" name="@BeforeSuite preRequisite" time="0.0">
    <ignored/>
  </testcase> <!-- @BeforeSuite preRequisite -->
  <testcase classname="project.utility.ConfigurationSetup" name="@BeforeSuite preRequisite" time="0.0">
    <ignored/>
  </testcase> <!-- @BeforeSuite preRequisite -->
  <testcase classname="project.utility.ConfigurationSetup" name="@BeforeSuite preRequisite" time="0.0">
    <ignored/>
  </testcase> <!-- @BeforeSuite preRequisite -->
  <testcase classname="project.utility.ConfigurationSetup" name="@BeforeSuite preRequisite" time="0.0">
    <ignored/>
  </testcase> <!-- @BeforeSuite preRequisite -->
  <testcase classname="project.utility.ConfigurationSetup" name="@BeforeSuite preRequisite" time="0.0">
    <ignored/>
  </testcase> <!-- @BeforeSuite preRequisite -->
  <testcase classname="project.utility.ConfigurationSetup" name="@AfterSuite closeBrowser" time="0.0">
    <ignored/>
  </testcase> <!-- @AfterSuite closeBrowser -->
  <testcase classname="project.utility.ConfigurationSetup" name="@AfterSuite closeBrowser" time="0.0">
    <ignored/>
  </testcase> <!-- @AfterSuite closeBrowser -->
  <testcase classname="project.utility.ConfigurationSetup" name="@AfterSuite closeBrowser" time="0.0">
    <ignored/>
  </testcase> <!-- @AfterSuite closeBrowser -->
  <testcase classname="project.utility.ConfigurationSetup" name="@AfterSuite closeBrowser" time="0.0">
    <ignored/>
  </testcase> <!-- @AfterSuite closeBrowser -->
  <testcase classname="project.utility.ConfigurationSetup" name="@AfterSuite closeBrowser" time="0.0">
    <ignored/>
  </testcase> <!-- @AfterSuite closeBrowser -->
  <testcase classname="project.utility.ConfigurationSetup" name="@AfterSuite closeBrowser" time="0.0">
    <ignored/>
  </testcase> <!-- @AfterSuite closeBrowser -->
  <testcase classname="project.utility.ConfigurationSetup" name="@AfterSuite closeBrowser" time="0.0">
    <ignored/>
  </testcase> <!-- @AfterSuite closeBrowser -->
  <testcase classname="project.utility.ConfigurationSetup" name="@AfterSuite closeBrowser" time="0.0">
    <ignored/>
  </testcase> <!-- @AfterSuite closeBrowser -->
  <testcase classname="project.utility.ConfigurationSetup" name="@AfterSuite closeBrowser" time="0.0">
    <ignored/>
  </testcase> <!-- @AfterSuite closeBrowser -->
  <testcase classname="project.utility.ConfigurationSetup" name="@AfterSuite closeBrowser" time="0.0">
    <ignored/>
  </testcase> <!-- @AfterSuite closeBrowser -->
  <testcase classname="project.utility.ConfigurationSetup" name="@AfterSuite closeBrowser" time="0.0">
    <ignored/>
  </testcase> <!-- @AfterSuite closeBrowser -->
</testsuite> <!-- API Test Automation -->
