<?xml version="1.0" encoding="UTF-8"?>
<!-- Generated by org.testng.reporters.JUnitXMLReporter -->
<testsuite ignored="22" hostname="11167-lap-0785" failures="0" tests="12" name="TruckX API Automation" time="37.522" errors="0" timestamp="2023-02-16T16:28:46 IST">
  <testcase classname="project.APItestScenario.Dashboard" name="GETDashboard" time="17.662"/>
  <testcase classname="project.APItestScenario.Elogs" name="GETElogs" time="6.069"/>
  <testcase classname="project.APItestScenario.Drivers" name="GETDrivers" time="1.645"/>
  <testcase classname="project.APItestScenario.TruckList" name="GetTruckList" time="1.618"/>
  <testcase classname="project.APItestScenario.TruckLocation" name="GetTruckLocation" time="1.33"/>
  <testcase classname="project.APItestScenario.CarrierInfo" name="GETCarrierInfo" time="1.363"/>
  <testcase classname="project.APItestScenario.Trailerslist" name="GetTrailersList" time="1.434"/>
  <testcase classname="project.APItestScenario.ArchivedDrivers" name="GETArchivedDrivers" time="1.598"/>
  <testcase classname="project.APItestScenario.DriversList" name="GETDriversList" time="1.253"/>
  <testcase classname="project.APItestScenario.IFTAReports" name="GETIFTAReport" time="1.203"/>
  <testcase classname="project.APItestScenario.IFTA" name="GETIFTA" time="1.058"/>
  <testcase classname="project.APItestScenario.Gallons" name="GETGallons" time="1.197"/>
  <testcase classname="project.utility.ConfigurationSetup" name="@BeforeSuite preRequisite" time="0.0">
    <ignored/>
  </testcase> <!-- @BeforeSuite preRequisite -->
  <testcase classname="project.utility.ConfigurationSetup" name="@BeforeSuite preRequisite" time="0.0">
    <ignored/>
  </testcase> <!-- @BeforeSuite preRequisite -->
  <testcase classname="project.utility.ConfigurationSetup" name="@BeforeSuite preRequisite" time="0.0">
    <ignored/>
  </testcase> <!-- @BeforeSuite preRequisite -->
  <testcase classname="project.utility.ConfigurationSetup" name="@BeforeSuite preRequisite" time="0.0">
    <ignored/>
  </testcase> <!-- @BeforeSuite preRequisite -->
  <testcase classname="project.utility.ConfigurationSetup" name="@BeforeSuite preRequisite" time="0.0">
    <ignored/>
  </testcase> <!-- @BeforeSuite preRequisite -->
  <testcase classname="project.utility.ConfigurationSetup" name="@BeforeSuite preRequisite" time="0.0">
    <ignored/>
  </testcase> <!-- @BeforeSuite preRequisite -->
  <testcase classname="project.utility.ConfigurationSetup" name="@BeforeSuite preRequisite" time="0.0">
    <ignored/>
  </testcase> <!-- @BeforeSuite preRequisite -->
  <testcase classname="project.utility.ConfigurationSetup" name="@BeforeSuite preRequisite" time="0.0">
    <ignored/>
  </testcase> <!-- @BeforeSuite preRequisite -->
  <testcase classname="project.utility.ConfigurationSetup" name="@BeforeSuite preRequisite" time="0.0">
    <ignored/>
  </testcase> <!-- @BeforeSuite preRequisite -->
  <testcase classname="project.utility.ConfigurationSetup" name="@BeforeSuite preRequisite" time="0.0">
    <ignored/>
  </testcase> <!-- @BeforeSuite preRequisite -->
  <testcase classname="project.utility.ConfigurationSetup" name="@BeforeSuite preRequisite" time="0.0">
    <ignored/>
  </testcase> <!-- @BeforeSuite preRequisite -->
  <testcase classname="project.utility.ConfigurationSetup" name="@AfterSuite closeBrowser" time="0.0">
    <ignored/>
  </testcase> <!-- @AfterSuite closeBrowser -->
  <testcase classname="project.utility.ConfigurationSetup" name="@AfterSuite closeBrowser" time="0.0">
    <ignored/>
  </testcase> <!-- @AfterSuite closeBrowser -->
  <testcase classname="project.utility.ConfigurationSetup" name="@AfterSuite closeBrowser" time="0.0">
    <ignored/>
  </testcase> <!-- @AfterSuite closeBrowser -->
  <testcase classname="project.utility.ConfigurationSetup" name="@AfterSuite closeBrowser" time="0.0">
    <ignored/>
  </testcase> <!-- @AfterSuite closeBrowser -->
  <testcase classname="project.utility.ConfigurationSetup" name="@AfterSuite closeBrowser" time="0.0">
    <ignored/>
  </testcase> <!-- @AfterSuite closeBrowser -->
  <testcase classname="project.utility.ConfigurationSetup" name="@AfterSuite closeBrowser" time="0.0">
    <ignored/>
  </testcase> <!-- @AfterSuite closeBrowser -->
  <testcase classname="project.utility.ConfigurationSetup" name="@AfterSuite closeBrowser" time="0.0">
    <ignored/>
  </testcase> <!-- @AfterSuite closeBrowser -->
  <testcase classname="project.utility.ConfigurationSetup" name="@AfterSuite closeBrowser" time="0.0">
    <ignored/>
  </testcase> <!-- @AfterSuite closeBrowser -->
  <testcase classname="project.utility.ConfigurationSetup" name="@AfterSuite closeBrowser" time="0.0">
    <ignored/>
  </testcase> <!-- @AfterSuite closeBrowser -->
  <testcase classname="project.utility.ConfigurationSetup" name="@AfterSuite closeBrowser" time="0.0">
    <ignored/>
  </testcase> <!-- @AfterSuite closeBrowser -->
  <testcase classname="project.utility.ConfigurationSetup" name="@AfterSuite closeBrowser" time="0.0">
    <ignored/>
  </testcase> <!-- @AfterSuite closeBrowser -->
</testsuite> <!-- TruckX API Automation -->
