<?xml version="1.0" encoding="UTF-8"?>
<testng-results ignored="0" total="1" passed="1" failed="0" skipped="0">
  <reporter-output>
  </reporter-output>
  <suite started-at="2022-09-08T09:15:33 IST" name="Default suite" finished-at="2022-09-08T09:15:35 IST" duration-ms="2602">
    <groups>
    </groups>
    <test started-at="2022-09-08T09:15:33 IST" name="Default test" finished-at="2022-09-08T09:15:35 IST" duration-ms="2602">
      <class name="project.testscenarios.APITest">
        <test-method signature="APITestCase()[pri:0, instance:project.testscenarios.APITest@342c38f8]" started-at="2022-09-08T09:15:33 IST" name="APITestCase" finished-at="2022-09-08T09:15:35 IST" duration-ms="2562" status="PASS">
          <reporter-output>
          </reporter-output>
        </test-method> <!-- APITestCase -->
      </class> <!-- project.testscenarios.APITest -->
    </test> <!-- Default test -->
  </suite> <!-- Default suite -->
</testng-results>
