<?xml version="1.0" encoding="UTF-8"?>
<!-- Generated by org.testng.reporters.JUnitXMLReporter -->
<testsuite ignored="0" hostname="ANagarkar-LAP-0785" failures="0" tests="4" name="Default test" time="51.16" errors="0" timestamp="2022-11-01T13:25:18 IST">
  <testcase classname="project.testscenarios.LoginScript" name="ConfigurationSetup" time="0.009"/>
  <testcase classname="project.testscenarios.LoginScript" name="blankUserNameandPassword" time="7.318"/>
  <testcase classname="project.testscenarios.LoginScript" name="inValidUserNameandPassword" time="6.805"/>
  <testcase classname="project.testscenarios.LoginScript" name="validUserNameandPassword" time="36.975"/>
</testsuite> <!-- Default test -->
