<?xml version="1.0" encoding="UTF-8"?>
<!-- Generated by org.testng.reporters.JUnitXMLReporter -->
<testsuite ignored="2" hostname="ANagarkar-LAP-0785" failures="2" tests="2" name="Dashboard" time="38.839" errors="0" timestamp="2022-09-12T20:10:34 IST">
  <testcase classname="project.testscenarios.DashboardScript" name="navigatingTrucksPage" time="38.321">
    <failure type="java.lang.NullPointerException" message="Cannot invoke &amp;quot;org.openqa.selenium.support.ui.WebDriverWait.until(java.util.function.Function)&amp;quot; because &amp;quot;this.wait&amp;quot; is null">
      <![CDATA[java.lang.NullPointerException: Cannot invoke "org.openqa.selenium.support.ui.WebDriverWait.until(java.util.function.Function)" because "this.wait" is null
at project.webpages.WebPageDashboard.clickOnVehicle(WebPageDashboard.java:46)
at project.testscenarios.DashboardScript.navigatingTrucksPage(DashboardScript.java:27)
at java.base/java.util.concurrent.ThreadPoolExecutor.runWorker(ThreadPoolExecutor.java:1136)
at java.base/java.util.concurrent.ThreadPoolExecutor$Worker.run(ThreadPoolExecutor.java:635)
at java.base/java.lang.Thread.run(Thread.java:833)
... Removed 12 stack frames]]>
    </failure>
  </testcase> <!-- navigatingTrucksPage -->
  <testcase classname="project.testscenarios.TruckScript" name="creatingNewTruck" time="0.007">
    <failure type="java.lang.NullPointerException">
      <![CDATA[java.lang.NullPointerException
at java.base/java.util.Objects.requireNonNull(Objects.java:208)
at org.openqa.selenium.support.ui.FluentWait.<init>(FluentWait.java:106)
at org.openqa.selenium.support.ui.FluentWait.<init>(FluentWait.java:97)
at project.webpages.WebPageTruck.<init>(WebPageTruck.java:31)
at project.utility.WebPageObjectCreation.truckPageObject(WebPageObjectCreation.java:53)
at project.testscenarios.TruckScript.creatingNewTruck(TruckScript.java:20)
at java.base/java.util.concurrent.ThreadPoolExecutor.runWorker(ThreadPoolExecutor.java:1136)
at java.base/java.util.concurrent.ThreadPoolExecutor$Worker.run(ThreadPoolExecutor.java:635)
at java.base/java.lang.Thread.run(Thread.java:833)
... Removed 12 stack frames]]>
    </failure>
  </testcase> <!-- creatingNewTruck -->
  <testcase classname="project.utility.ConfigurationSetup" name="@BeforeSuite preRequisite" time="0.0">
    <ignored/>
  </testcase> <!-- @BeforeSuite preRequisite -->
  <testcase classname="project.utility.ConfigurationSetup" name="@AfterSuite closeBrowser" time="0.0">
    <ignored/>
  </testcase> <!-- @AfterSuite closeBrowser -->
</testsuite> <!-- Dashboard -->
