<?xml version="1.0" encoding="UTF-8"?>
<!-- Generated by org.testng.reporters.JUnitXMLReporter -->
<testsuite ignored="0" hostname="ANagarkar-LAP-0785" failures="1" tests="6" name="TruckX Test Automation" time="103.426" errors="0" timestamp="2022-12-07T16:30:02 IST">
  <testcase classname="project.testscenarios.LoginScript" name="validUserNameandPassword" time="16.322"/>
  <testcase classname="project.testscenarios.CompanyProfileScript" name="NavigatingCompanyProfilePage" time="2.246"/>
  <testcase classname="project.testscenarios.CompanyProfileScript" name="CompanyProfileDetails" time="0.076"/>
  <testcase classname="project.testscenarios.CompanyProfileScript" name="EditCompanyProfileFunctionality" time="15.302">
    <failure type="java.lang.AssertionError" message="Edit functionality not working on Company Profile Page expected [true] but found [false]">
      <![CDATA[java.lang.AssertionError: Edit functionality not working on Company Profile Page expected [true] but found [false]
at project.testscenarios.CompanyProfileScript.EditCompanyProfileFunctionality(CompanyProfileScript.java:45)
at java.base/java.util.ArrayList.forEach(ArrayList.java:1511)
... Removed 30 stack frames]]>
    </failure>
  </testcase> <!-- EditCompanyProfileFunctionality -->
  <testcase classname="project.testscenarios.FeatureScript" name="NavigatingFeaturePage" time="59.985"/>
  <testcase classname="project.testscenarios.FeatureScript" name="FeaturePageVerification" time="7.549"/>
</testsuite> <!-- TruckX Test Automation -->
