<?xml version="1.0" encoding="UTF-8"?>
<!-- Generated by org.testng.reporters.JUnitXMLReporter -->
<testsuite ignored="0" hostname="ANagarkar-LAP-0785" failures="0" tests="5" name="TruckScript" time="57.987" errors="0" timestamp="2022-10-26T15:31:11 IST">
  <testcase classname="project.testscenarios.TruckScript" name="NavigatingTrucksPage" time="10.193"/>
  <testcase classname="project.testscenarios.TruckScript" name="CreatingNewTruck" time="30.056"/>
  <testcase classname="project.testscenarios.TruckScript" name="SearchTruckOnDashboard" time="7.332"/>
  <testcase classname="project.testscenarios.TruckScript" name="VerifyTruckOnDashboard" time="5.071"/>
  <testcase classname="project.testscenarios.TruckScript" name="VerifyTruckOnVehicleDetails" time="5.317"/>
</testsuite> <!-- TruckScript -->
