<?xml version="1.0" encoding="UTF-8"?>
<!-- Generated by org.testng.reporters.JUnitXMLReporter -->
<testsuite ignored="0" hostname="ANagarkar-LAP-0785" failures="0" tests="3" name="TruckX Test Automation" time="17.584" errors="0" timestamp="2022-10-06T13:28:13 IST">
  <testcase classname="project.testscenarios.LoginScript" name="ConfigurationSetup" time="0.008"/>
  <testcase classname="project.testscenarios.LoginScript" name="validUserNameandPassword" time="10.354"/>
  <testcase classname="project.testscenarios.TrackingDevicesScript" name="navigatingDevicesPage" time="7.179"/>
</testsuite> <!-- TruckX Test Automation -->
