<?xml version="1.0" encoding="UTF-8"?>
<!-- Generated by org.testng.reporters.JUnitXMLReporter -->
<testsuite ignored="0" hostname="ANagarkar-LAP-0785" failures="1" tests="3" name="Test" time="3.131" errors="0" timestamp="2022-08-13T19:46:50 IST">
  <testcase classname="project.testscenarios.TestWorkFlow1" name="TestCase1" time="0.036"/>
  <testcase classname="project.testscenarios.TestWorkFlow1" name="TestCase2" time="0.232">
    <failure type="java.lang.AssertionError" message="expected [true] but found [false]">
      <![CDATA[java.lang.AssertionError: expected [true] but found [false]
at project.testscenarios.TestWorkFlow1.TestCase2(TestWorkFlow1.java:36)
at java.base/java.util.ArrayList.forEach(ArrayList.java:1511)
... Removed 33 stack frames]]>
    </failure>
  </testcase> <!-- TestCase2 -->
  <testcase classname="project.testscenarios.TestWorkFlow1" name="TestCase3" time="2.344"/>
</testsuite> <!-- Test -->
