<?xml version="1.0" encoding="UTF-8"?>
<!-- Generated by org.testng.reporters.JUnitXMLReporter -->
<testsuite ignored="0" hostname="ANagarkar-LAP-0785" failures="0" tests="7" name="Test Cases 2" time="23.987" errors="0" timestamp="2022-08-22T10:45:40 IST">
  <testcase classname="project.testscenarios.TestWorkFlow1" name="ConfigurationSetup" time="0.001"/>
  <testcase classname="project.testscenarios.TestWorkFlow1" name="SelectingSource" time="0.643"/>
  <testcase classname="project.testscenarios.TestWorkFlow1" name="SelectingDestination" time="2.597"/>
  <testcase classname="project.testscenarios.TestWorkFlow1" name="SelectingDate" time="2.12"/>
  <testcase classname="project.testscenarios.TestWorkFlow1" name="SearchBuses" time="5.057"/>
  <testcase classname="project.testscenarios.TestWorkFlow1" name="SelectingBus" time="6.466"/>
  <testcase classname="project.testscenarios.TestWorkFlow1" name="selectSeats" time="4.056"/>
</testsuite> <!-- Test Cases 2 -->
