<?xml version="1.0" encoding="UTF-8"?>
<testsuite xmlns:xsi="http://www.w3.org/2001/XMLSchema-instance" xsi:noNamespaceSchemaLocation="https://maven.apache.org/surefire/maven-surefire-plugin/xsd/surefire-test-report.xsd" name="TestSuite" time="65.337" tests="4" errors="0" skipped="0" failures="0">
  <properties>
[...]
</properties>
  <testcase name="ConfigurationSetup" classname="project.testscenarios.LoginScript" time="0.641"/>
  <testcase name="blankUserNameandPassword" classname="project.testscenarios.LoginScript" time="9.45"/>
  <testcase name="inValidUserNameandPassword" classname="project.testscenarios.LoginScript" time="8.564"/>
  <testcase name="validUserNameandPassword" classname="project.testscenarios.LoginScript" time="12.603"/>
</testsuite>