<?xml version="1.0" encoding="UTF-8"?>
<testng-results ignored="0" total="4" passed="4" failed="0" skipped="0">
  <reporter-output>
  </reporter-output>
  <suite started-at="2022-09-08T16:42:32 IST" name="Test Suite" finished-at="2022-09-08T16:43:03 IST" duration-ms="31320">
    <groups>
    </groups>
    <test started-at="2022-09-08T16:42:32 IST" name="TruckX Test Automation" finished-at="2022-09-08T16:43:03 IST" duration-ms="31320">
      <class name="project.testscenarios.LoginScript">
        <test-method is-config="true" signature="preRequisite(org.testng.ITestContext)[pri:0, instance:project.testscenarios.LoginScript@ffaa6af]" started-at="2022-09-08T16:42:03 IST" name="preRequisite" finished-at="2022-09-08T16:42:32 IST" duration-ms="28678" status="PASS">
          <params>
            <param index="0">
              <value>
                <![CDATA[org.testng.TestRunner@7100dea]]>
              </value>
            </param>
          </params>
          <reporter-output>
          </reporter-output>
        </test-method> <!-- preRequisite -->
        <test-method signature="ConfigurationSetup()[pri:0, instance:project.testscenarios.LoginScript@ffaa6af]" started-at="2022-09-08T16:42:32 IST" name="ConfigurationSetup" finished-at="2022-09-08T16:42:32 IST" duration-ms="640" status="PASS">
          <reporter-output>
          </reporter-output>
        </test-method> <!-- ConfigurationSetup -->
        <test-method signature="blankUserNameandPassword()[pri:1, instance:project.testscenarios.LoginScript@ffaa6af]" started-at="2022-09-08T16:42:32 IST" name="blankUserNameandPassword" finished-at="2022-09-08T16:42:42 IST" duration-ms="9451" status="PASS">
          <reporter-output>
          </reporter-output>
        </test-method> <!-- blankUserNameandPassword -->
        <test-method signature="inValidUserNameandPassword()[pri:2, instance:project.testscenarios.LoginScript@ffaa6af]" started-at="2022-09-08T16:42:42 IST" name="inValidUserNameandPassword" finished-at="2022-09-08T16:42:50 IST" duration-ms="8564" status="PASS">
          <reporter-output>
          </reporter-output>
        </test-method> <!-- inValidUserNameandPassword -->
        <test-method signature="validUserNameandPassword()[pri:3, instance:project.testscenarios.LoginScript@ffaa6af]" started-at="2022-09-08T16:42:50 IST" name="validUserNameandPassword" finished-at="2022-09-08T16:43:03 IST" duration-ms="12603" status="PASS">
          <reporter-output>
          </reporter-output>
        </test-method> <!-- validUserNameandPassword -->
        <test-method is-config="true" signature="closeBrowser()[pri:0, instance:project.testscenarios.LoginScript@ffaa6af]" started-at="2022-09-08T16:43:03 IST" name="closeBrowser" finished-at="2022-09-08T16:43:03 IST" duration-ms="185" status="PASS">
          <reporter-output>
          </reporter-output>
        </test-method> <!-- closeBrowser -->
      </class> <!-- project.testscenarios.LoginScript -->
    </test> <!-- TruckX Test Automation -->
  </suite> <!-- Test Suite -->
</testng-results>
